<?xml version="1.0" encoding="UTF-8"?>
<!-- Generated by org.testng.reporters.JUnitReportReporter -->
<testsuite hostname="DTP-SDE47-IND" failures="0" tests="4" name="TestsRunner.MovieAPITestRunner" time="1.811" errors="0" timestamp="2024-07-21T12:04:26 IST" skipped="0">
  <testcase classname="TestsRunner.MovieAPITestRunner" name="verifyMovieID_with_highest_awards_Won" time="0.656">
    <system-out>
      <![CDATA[verifyMovieID_with_highest_awards_Won is Passed.]]>
    </system-out>
  </testcase> <!-- verifyMovieID_with_highest_awards_Won -->
  <testcase classname="TestsRunner.MovieAPITestRunner" name="acessAPIWithoutToken" time="0.472">
    <system-out>
      <![CDATA[Access API without Token Key negative test is passed.]]>
    </system-out>
  </testcase> <!-- acessAPIWithoutToken -->
  <testcase classname="TestsRunner.MovieAPITestRunner" name="verify_ifDialogExists" time="0.666">
    <system-out>
      <![CDATA[If Dialog exits test is passed.]]>
    </system-out>
  </testcase> <!-- verify_ifDialogExists -->
  <testcase classname="TestsRunner.MovieAPITestRunner" name="verifyTotalMovieCount" time="0.017">
    <system-out>
      <![CDATA[Verify total count is passed!!]]>
    </system-out>
  </testcase> <!-- verifyTotalMovieCount -->
  <system-out>
    <![CDATA[Verify book name from book ID  test is passed..
Verify BookID by bookname test is passed..
Verify Total Book count test is passed..
Access API without Token Key negative test is passed.
verifyMovieID_with_highest_awards_Won is Passed.
Verify total count is passed!!
If Dialog exits test is passed.]]>
  </system-out>
</testsuite> <!-- TestsRunner.MovieAPITestRunner -->
