<?xml version="1.0" encoding="UTF-8"?>
<!-- Generated by org.testng.reporters.JUnitReportReporter -->
<testsuite hostname="DTP-SDE47-IND" failures="0" tests="1" name="TestsRunner.MovieAPITestRunner" time="1.306" errors="0" timestamp="2024-07-21T01:02:14 IST" skipped="0">
  <testcase classname="TestsRunner.MovieAPITestRunner" name="verify_ifDialogExists" time="1.306">
    <system-out>
      <![CDATA[If Dialog exits test is passed.]]>
    </system-out>
  </testcase> <!-- verify_ifDialogExists -->
  <system-out>
    <![CDATA[If Dialog exits test is passed.]]>
  </system-out>
</testsuite> <!-- TestsRunner.MovieAPITestRunner -->
