<?xml version="1.0" encoding="UTF-8"?>
<!-- Generated by org.testng.reporters.JUnitReportReporter -->
<testsuite hostname="DTP-SDE47-IND" failures="0" tests="1" name="Locus_SDET_Assignment.Books_movies_APIs.MovieAPITest" time="0.670" errors="0" timestamp="2024-07-21T20:19:13 IST" skipped="0">
  <testcase classname="Locus_SDET_Assignment.Books_movies_APIs.MovieAPITest" name="getMovie_With_maxScore" time="0.670"/>
</testsuite> <!-- Locus_SDET_Assignment.Books_movies_APIs.MovieAPITest -->
