<?xml version="1.0" encoding="UTF-8"?>
<!-- Generated by org.testng.reporters.JUnitReportReporter -->
<testsuite hostname="DTP-SDE47-IND" failures="0" tests="5" name="TestsRunner.MovieAPITestRunner" time="11.934" errors="0" timestamp="2024-07-24T20:48:42 IST" skipped="0">
  <testcase classname="TestsRunner.MovieAPITestRunner" name="verifyMovieID_with_highest_awards_Won" time="0.083">
    <system-out>
      <![CDATA[verifyMovieID_with_highest_awards_Won is Passed.]]>
    </system-out>
  </testcase> <!-- verifyMovieID_with_highest_awards_Won -->
  <testcase classname="TestsRunner.MovieAPITestRunner" name="verifyMovieID_with_highest_RTSCore" time="0.673">
    <system-out>
      <![CDATA[verifyMovieID_with_highest_RTScore is Passed.]]>
    </system-out>
  </testcase> <!-- verifyMovieID_with_highest_RTSCore -->
  <testcase classname="TestsRunner.MovieAPITestRunner" name="verifyTotalMovieCount" time="0.017">
    <system-out>
      <![CDATA[Verify total count is passed!!]]>
    </system-out>
  </testcase> <!-- verifyTotalMovieCount -->
  <testcase classname="TestsRunner.MovieAPITestRunner" name="verify_ifDialogExists" time="10.726">
    <system-out>
      <![CDATA[If Dialog exists test is passed.]]>
    </system-out>
  </testcase> <!-- verify_ifDialogExists -->
  <testcase classname="TestsRunner.MovieAPITestRunner" name="acessAPIWithoutToken" time="0.435">
    <system-out>
      <![CDATA[Access API without Token Key negative test is passed.]]>
    </system-out>
  </testcase> <!-- acessAPIWithoutToken -->
  <system-out>
    <![CDATA[verifyMovieID_with_highest_RTScore is Passed.
Access API without Token Key negative test is passed.
verifyMovieID_with_highest_awards_Won is Passed.
Verify total count is passed!!
If Dialog exists test is passed.]]>
  </system-out>
</testsuite> <!-- TestsRunner.MovieAPITestRunner -->
