<?xml version="1.0" encoding="UTF-8"?>
<!-- Generated by org.testng.reporters.JUnitReportReporter -->
<testsuite hostname="DTP-SDE47-IND" failures="0" tests="1" name="Locus_SDET_Assignment.Books_movies_APIs.BooksAPITest" time="2.346" errors="0" timestamp="2024-07-20T16:18:57 IST" skipped="0">
  <testcase classname="Locus_SDET_Assignment.Books_movies_APIs.BooksAPITest" name="VerifyTotalBookCount" time="2.346"/>
  <system-out/>
</testsuite> <!-- Locus_SDET_Assignment.Books_movies_APIs.BooksAPITest -->
