<?xml version="1.0" encoding="UTF-8"?>
<!-- Generated by org.testng.reporters.JUnitReportReporter -->
<testsuite hostname="DTP-SDE47-IND" failures="0" tests="3" name="TestsRunner.BooksTestsRunner" time="0.027" errors="0" timestamp="2024-07-21T00:48:52 IST" skipped="0">
  <testcase classname="TestsRunner.BooksTestsRunner" name="verifyTotalBooks" time="0.001"/>
  <testcase classname="TestsRunner.BooksTestsRunner" name="VerifyBookNameById" time="0.025"/>
  <testcase classname="TestsRunner.BooksTestsRunner" name="VerifybookIdbyname" time="0.001"/>
  <system-out>
    <![CDATA[Access API without Token Key negative test is passed.
verifyMovieID_with_highest_awards_Won is Passed.
Verify total count is passed!!
If Dialog exits test is passed.]]>
  </system-out>
</testsuite> <!-- TestsRunner.BooksTestsRunner -->
