<?xml version="1.0" encoding="UTF-8"?>
<!-- Generated by org.testng.reporters.JUnitReportReporter -->
<testsuite hostname="DTP-SDE47-IND" failures="0" tests="3" name="TestsRunner.BooksTestsRunner" time="0.028" errors="0" timestamp="2024-07-21T21:05:21 IST" skipped="0">
  <testcase classname="TestsRunner.BooksTestsRunner" name="VerifyBookNameById" time="0.026">
    <system-out>
      <![CDATA[Verify book name from book ID  test is passed..]]>
    </system-out>
  </testcase> <!-- VerifyBookNameById -->
  <testcase classname="TestsRunner.BooksTestsRunner" name="verifyTotalBooks" time="0.001">
    <system-out>
      <![CDATA[Verify Total Book count test is passed..]]>
    </system-out>
  </testcase> <!-- verifyTotalBooks -->
  <testcase classname="TestsRunner.BooksTestsRunner" name="VerifybookIdbyname" time="0.001">
    <system-out>
      <![CDATA[Verify BookID by bookname test is passed..]]>
    </system-out>
  </testcase> <!-- VerifybookIdbyname -->
  <system-out>
    <![CDATA[Verify book name from book ID  test is passed..
Verify BookID by bookname test is passed..
Verify Total Book count test is passed..
verifyMovieID_with_highest_RTScore is Passed.
Access API without Token Key negative test is passed.
verifyMovieID_with_highest_awards_Won is Passed.
Verify total count is passed!!
If Dialog exists test is passed.]]>
  </system-out>
</testsuite> <!-- TestsRunner.BooksTestsRunner -->
